build/app/intermediates/manifest_merge_blame_file/debug/manifest-merger-blame-debug-report.txt
1<?xml version="1.0" encoding="utf-8"?>
2<manifest xmlns:android="http://schemas.android.com/apk/res/android"
3    package="com.goaltask.app"
4    android:versionCode="1"
5    android:versionName="1.0.0" >
6
7    <uses-sdk
8        android:minSdkVersion="21"
9        android:targetSdkVersion="31" />
10    <!--
11         Flutter needs it to communicate with the running application
12         to allow setting breakpoints, to provide hot reload, etc.
13    -->
14    <uses-permission android:name="android.permission.INTERNET" />
14-->src/debug/AndroidManifest.xml:6:5-66
14-->src/debug/AndroidManifest.xml:6:22-64
15    <uses-permission android:name="android.permission.ACCESS_NETWORK_STATE" />
15-->[:firebase_analytics] AndroidManifest.xml:7:5-79
15-->[:firebase_analytics] AndroidManifest.xml:7:22-76
16    <uses-permission android:name="android.permission.WAKE_LOCK" /> <!-- Required by older versions of Google Play services to create IID tokens -->
16-->[:firebase_analytics] AndroidManifest.xml:9:5-68
16-->[:firebase_analytics] AndroidManifest.xml:9:22-65
17    <uses-permission android:name="com.google.android.c2dm.permission.RECEIVE" />
17-->[com.google.firebase:firebase-messaging:22.0.0] AndroidManifest.xml:25:5-82
17-->[com.google.firebase:firebase-messaging:22.0.0] AndroidManifest.xml:25:22-79
18    <uses-permission android:name="com.google.android.finsky.permission.BIND_GET_INSTALL_REFERRER_SERVICE" />
18-->[com.google.android.gms:play-services-measurement:19.0.0] AndroidManifest.xml:26:5-110
18-->[com.google.android.gms:play-services-measurement:19.0.0] AndroidManifest.xml:26:22-107
19
20    <application
21        android:name="android.app.Application"
22        android:appComponentFactory="androidx.core.app.CoreComponentFactory"
22-->[androidx.core:core:1.6.0] AndroidManifest.xml:24:18-86
23        android:debuggable="true"
24        android:icon="@mipmap/ic_launcher"
25        android:label="goal_task" >
26        <activity
27            android:name="com.goaltask.app.MainActivity"
28            android:configChanges="orientation|keyboardHidden|keyboard|screenSize|smallestScreenSize|locale|layoutDirection|fontScale|screenLayout|density|uiMode"
29            android:exported="true"
30            android:hardwareAccelerated="true"
31            android:launchMode="singleTop"
32            android:theme="@style/LaunchTheme"
33            android:windowSoftInputMode="adjustResize" >
34
35            <!--
36                 Specifies an Android theme to apply to this Activity as soon as
37                 the Android process has started. This theme is visible to the user
38                 while the Flutter UI initializes. After that, this theme continues
39                 to determine the Window background behind the Flutter UI.
40            -->
41            <meta-data
42                android:name="io.flutter.embedding.android.NormalTheme"
43                android:resource="@style/NormalTheme" />
44
45            <intent-filter>
46                <action android:name="android.intent.action.MAIN" />
47
48                <category android:name="android.intent.category.LAUNCHER" />
49            </intent-filter>
50        </activity>
51        <!--
52             Don't delete the meta-data below.
53             This is used by the Flutter tool to generate GeneratedPluginRegistrant.java
54        -->
55        <meta-data
56            android:name="flutterEmbedding"
57            android:value="2" />
58
59        <service
59-->[:firebase_analytics] AndroidManifest.xml:12:9-16:19
60            android:name="com.google.firebase.components.ComponentDiscoveryService"
60-->[:firebase_analytics] AndroidManifest.xml:12:18-89
61            android:directBootAware="true"
61-->[com.google.firebase:firebase-common:20.0.0] AndroidManifest.xml:35:13-43
62            android:exported="false" >
62-->[com.google.firebase:firebase-auth:21.0.1] AndroidManifest.xml:76:13-37
63            <meta-data
63-->[:firebase_analytics] AndroidManifest.xml:13:13-15:85
64                android:name="com.google.firebase.components:io.flutter.plugins.firebaseanalytics.FlutterFirebaseAppRegistrar"
64-->[:firebase_analytics] AndroidManifest.xml:14:17-127
65                android:value="com.google.firebase.components.ComponentRegistrar" />
65-->[:firebase_analytics] AndroidManifest.xml:15:17-82
66            <meta-data
66-->[:firebase_auth] AndroidManifest.xml:9:13-11:85
67                android:name="com.google.firebase.components:io.flutter.plugins.firebase.auth.FlutterFirebaseAuthRegistrar"
67-->[:firebase_auth] AndroidManifest.xml:10:17-124
68                android:value="com.google.firebase.components.ComponentRegistrar" />
68-->[:firebase_auth] AndroidManifest.xml:11:17-82
69            <meta-data
69-->[:firebase_storage] AndroidManifest.xml:9:13-11:85
70                android:name="com.google.firebase.components:io.flutter.plugins.firebase.storage.FlutterFirebaseAppRegistrar"
70-->[:firebase_storage] AndroidManifest.xml:10:17-126
71                android:value="com.google.firebase.components.ComponentRegistrar" />
71-->[:firebase_storage] AndroidManifest.xml:11:17-82
72            <meta-data
72-->[:cloud_firestore] AndroidManifest.xml:9:13-11:85
73                android:name="com.google.firebase.components:io.flutter.plugins.firebase.firestore.FlutterFirebaseFirestoreRegistrar"
73-->[:cloud_firestore] AndroidManifest.xml:10:17-134
74                android:value="com.google.firebase.components.ComponentRegistrar" />
74-->[:cloud_firestore] AndroidManifest.xml:11:17-82
75            <meta-data
75-->[:firebase_messaging] AndroidManifest.xml:34:13-36:85
76                android:name="com.google.firebase.components:io.flutter.plugins.firebase.messaging.FlutterFirebaseAppRegistrar"
76-->[:firebase_messaging] AndroidManifest.xml:35:17-128
77                android:value="com.google.firebase.components.ComponentRegistrar" />
77-->[:firebase_messaging] AndroidManifest.xml:36:17-82
78            <meta-data
78-->[:firebase_core] AndroidManifest.xml:9:13-11:85
79                android:name="com.google.firebase.components:io.flutter.plugins.firebase.core.FlutterFirebaseCoreRegistrar"
79-->[:firebase_core] AndroidManifest.xml:10:17-124
80                android:value="com.google.firebase.components.ComponentRegistrar" />
80-->[:firebase_core] AndroidManifest.xml:11:17-82
81            <meta-data
81-->[com.google.firebase:firebase-auth:21.0.1] AndroidManifest.xml:77:13-79:85
82                android:name="com.google.firebase.components:com.google.firebase.auth.FirebaseAuthRegistrar"
82-->[com.google.firebase:firebase-auth:21.0.1] AndroidManifest.xml:78:17-109
83                android:value="com.google.firebase.components.ComponentRegistrar" />
83-->[com.google.firebase:firebase-auth:21.0.1] AndroidManifest.xml:79:17-82
84            <meta-data
84-->[com.google.firebase:firebase-firestore:23.0.1] AndroidManifest.xml:20:13-22:85
85                android:name="com.google.firebase.components:com.google.firebase.firestore.FirestoreRegistrar"
85-->[com.google.firebase:firebase-firestore:23.0.1] AndroidManifest.xml:21:17-111
86                android:value="com.google.firebase.components.ComponentRegistrar" />
86-->[com.google.firebase:firebase-firestore:23.0.1] AndroidManifest.xml:22:17-82
87            <meta-data
87-->[com.google.firebase:firebase-messaging:22.0.0] AndroidManifest.xml:52:13-54:85
88                android:name="com.google.firebase.components:com.google.firebase.messaging.FirebaseMessagingRegistrar"
88-->[com.google.firebase:firebase-messaging:22.0.0] AndroidManifest.xml:53:17-119
89                android:value="com.google.firebase.components.ComponentRegistrar" />
89-->[com.google.firebase:firebase-messaging:22.0.0] AndroidManifest.xml:54:17-82
90            <meta-data
90-->[com.google.firebase:firebase-storage:20.0.0] AndroidManifest.xml:33:13-35:85
91                android:name="com.google.firebase.components:com.google.firebase.storage.StorageRegistrar"
91-->[com.google.firebase:firebase-storage:20.0.0] AndroidManifest.xml:34:17-107
92                android:value="com.google.firebase.components.ComponentRegistrar" />
92-->[com.google.firebase:firebase-storage:20.0.0] AndroidManifest.xml:35:17-82
93            <meta-data
93-->[com.google.android.gms:play-services-measurement-api:19.0.0] AndroidManifest.xml:30:13-32:85
94                android:name="com.google.firebase.components:com.google.firebase.analytics.connector.internal.AnalyticsConnectorRegistrar"
94-->[com.google.android.gms:play-services-measurement-api:19.0.0] AndroidManifest.xml:31:17-139
95                android:value="com.google.firebase.components.ComponentRegistrar" />
95-->[com.google.android.gms:play-services-measurement-api:19.0.0] AndroidManifest.xml:32:17-82
96            <meta-data
96-->[com.google.firebase:firebase-datatransport:18.0.0] AndroidManifest.xml:28:13-30:85
97                android:name="com.google.firebase.components:com.google.firebase.datatransport.TransportRegistrar"
97-->[com.google.firebase:firebase-datatransport:18.0.0] AndroidManifest.xml:29:17-115
98                android:value="com.google.firebase.components.ComponentRegistrar" />
98-->[com.google.firebase:firebase-datatransport:18.0.0] AndroidManifest.xml:30:17-82
99            <meta-data
99-->[com.google.firebase:firebase-installations:17.0.0] AndroidManifest.xml:18:13-20:85
100                android:name="com.google.firebase.components:com.google.firebase.installations.FirebaseInstallationsRegistrar"
100-->[com.google.firebase:firebase-installations:17.0.0] AndroidManifest.xml:19:17-127
101                android:value="com.google.firebase.components.ComponentRegistrar" />
101-->[com.google.firebase:firebase-installations:17.0.0] AndroidManifest.xml:20:17-82
102        </service>
103        <service
103-->[:firebase_messaging] AndroidManifest.xml:12:9-15:72
104            android:name="io.flutter.plugins.firebase.messaging.FlutterFirebaseMessagingBackgroundService"
104-->[:firebase_messaging] AndroidManifest.xml:13:13-107
105            android:exported="false"
105-->[:firebase_messaging] AndroidManifest.xml:14:13-37
106            android:permission="android.permission.BIND_JOB_SERVICE" />
106-->[:firebase_messaging] AndroidManifest.xml:15:13-69
107        <service
107-->[:firebase_messaging] AndroidManifest.xml:16:9-22:19
108            android:name="io.flutter.plugins.firebase.messaging.FlutterFirebaseMessagingService"
108-->[:firebase_messaging] AndroidManifest.xml:17:13-97
109            android:exported="false" >
109-->[:firebase_messaging] AndroidManifest.xml:18:13-37
110            <intent-filter>
110-->[:firebase_messaging] AndroidManifest.xml:19:13-21:29
111                <action android:name="com.google.firebase.MESSAGING_EVENT" />
111-->[:firebase_messaging] AndroidManifest.xml:20:17-78
111-->[:firebase_messaging] AndroidManifest.xml:20:25-75
112            </intent-filter>
113        </service>
114
115        <receiver
115-->[:firebase_messaging] AndroidManifest.xml:24:9-31:20
116            android:name="io.flutter.plugins.firebase.messaging.FlutterFirebaseMessagingReceiver"
116-->[:firebase_messaging] AndroidManifest.xml:25:13-98
117            android:exported="true"
117-->[:firebase_messaging] AndroidManifest.xml:26:13-36
118            android:permission="com.google.android.c2dm.permission.SEND" >
118-->[:firebase_messaging] AndroidManifest.xml:27:13-73
119            <intent-filter>
119-->[:firebase_messaging] AndroidManifest.xml:28:13-30:29
120                <action android:name="com.google.android.c2dm.intent.RECEIVE" />
120-->[:firebase_messaging] AndroidManifest.xml:29:17-81
120-->[:firebase_messaging] AndroidManifest.xml:29:25-78
121            </intent-filter>
122        </receiver>
123
124        <provider
124-->[:firebase_messaging] AndroidManifest.xml:39:9-43:38
125            android:name="io.flutter.plugins.firebase.messaging.FlutterFirebaseMessagingInitProvider"
125-->[:firebase_messaging] AndroidManifest.xml:40:13-102
126            android:authorities="com.goaltask.app.flutterfirebasemessaginginitprovider"
126-->[:firebase_messaging] AndroidManifest.xml:41:13-88
127            android:exported="false"
127-->[:firebase_messaging] AndroidManifest.xml:42:13-37
128            android:initOrder="99" />
128-->[:firebase_messaging] AndroidManifest.xml:43:13-35
129
130        <activity
130-->[com.google.firebase:firebase-auth:21.0.1] AndroidManifest.xml:27:9-44:20
131            android:name="com.google.firebase.auth.internal.GenericIdpActivity"
131-->[com.google.firebase:firebase-auth:21.0.1] AndroidManifest.xml:28:13-80
132            android:excludeFromRecents="true"
132-->[com.google.firebase:firebase-auth:21.0.1] AndroidManifest.xml:29:13-46
133            android:exported="true"
133-->[com.google.firebase:firebase-auth:21.0.1] AndroidManifest.xml:30:13-36
134            android:launchMode="singleTask"
134-->[com.google.firebase:firebase-auth:21.0.1] AndroidManifest.xml:31:13-44
135            android:theme="@android:style/Theme.Translucent.NoTitleBar" >
135-->[com.google.firebase:firebase-auth:21.0.1] AndroidManifest.xml:32:13-72
136            <intent-filter>
136-->[com.google.firebase:firebase-auth:21.0.1] AndroidManifest.xml:33:13-43:29
137                <action android:name="android.intent.action.VIEW" />
137-->[com.google.firebase:firebase-auth:21.0.1] AndroidManifest.xml:34:17-69
137-->[com.google.firebase:firebase-auth:21.0.1] AndroidManifest.xml:34:25-66
138
139                <category android:name="android.intent.category.DEFAULT" />
139-->[com.google.firebase:firebase-auth:21.0.1] AndroidManifest.xml:36:17-76
139-->[com.google.firebase:firebase-auth:21.0.1] AndroidManifest.xml:36:27-73
140                <category android:name="android.intent.category.BROWSABLE" />
140-->[com.google.firebase:firebase-auth:21.0.1] AndroidManifest.xml:37:17-78
140-->[com.google.firebase:firebase-auth:21.0.1] AndroidManifest.xml:37:27-75
141
142                <data
142-->[com.google.firebase:firebase-auth:21.0.1] AndroidManifest.xml:39:17-42:51
143                    android:host="firebase.auth"
143-->[com.google.firebase:firebase-auth:21.0.1] AndroidManifest.xml:40:21-49
144                    android:path="/"
144-->[com.google.firebase:firebase-auth:21.0.1] AndroidManifest.xml:41:21-37
145                    android:scheme="genericidp" />
145-->[com.google.firebase:firebase-auth:21.0.1] AndroidManifest.xml:42:21-48
146            </intent-filter>
147        </activity>
148        <activity
148-->[com.google.firebase:firebase-auth:21.0.1] AndroidManifest.xml:45:9-62:20
149            android:name="com.google.firebase.auth.internal.RecaptchaActivity"
149-->[com.google.firebase:firebase-auth:21.0.1] AndroidManifest.xml:46:13-79
150            android:excludeFromRecents="true"
150-->[com.google.firebase:firebase-auth:21.0.1] AndroidManifest.xml:47:13-46
151            android:exported="true"
151-->[com.google.firebase:firebase-auth:21.0.1] AndroidManifest.xml:48:13-36
152            android:launchMode="singleTask"
152-->[com.google.firebase:firebase-auth:21.0.1] AndroidManifest.xml:49:13-44
153            android:theme="@android:style/Theme.Translucent.NoTitleBar" >
153-->[com.google.firebase:firebase-auth:21.0.1] AndroidManifest.xml:50:13-72
154            <intent-filter>
154-->[com.google.firebase:firebase-auth:21.0.1] AndroidManifest.xml:51:13-61:29
155                <action android:name="android.intent.action.VIEW" />
155-->[com.google.firebase:firebase-auth:21.0.1] AndroidManifest.xml:34:17-69
155-->[com.google.firebase:firebase-auth:21.0.1] AndroidManifest.xml:34:25-66
156
157                <category android:name="android.intent.category.DEFAULT" />
157-->[com.google.firebase:firebase-auth:21.0.1] AndroidManifest.xml:36:17-76
157-->[com.google.firebase:firebase-auth:21.0.1] AndroidManifest.xml:36:27-73
158                <category android:name="android.intent.category.BROWSABLE" />
158-->[com.google.firebase:firebase-auth:21.0.1] AndroidManifest.xml:37:17-78
158-->[com.google.firebase:firebase-auth:21.0.1] AndroidManifest.xml:37:27-75
159
160                <data
160-->[com.google.firebase:firebase-auth:21.0.1] AndroidManifest.xml:39:17-42:51
161                    android:host="firebase.auth"
161-->[com.google.firebase:firebase-auth:21.0.1] AndroidManifest.xml:40:21-49
162                    android:path="/"
162-->[com.google.firebase:firebase-auth:21.0.1] AndroidManifest.xml:41:21-37
163                    android:scheme="recaptcha" />
163-->[com.google.firebase:firebase-auth:21.0.1] AndroidManifest.xml:42:21-48
164            </intent-filter>
165        </activity>
166
167        <service
167-->[com.google.firebase:firebase-auth:21.0.1] AndroidManifest.xml:64:9-73:19
168            android:name="com.google.firebase.auth.api.fallback.service.FirebaseAuthFallbackService"
168-->[com.google.firebase:firebase-auth:21.0.1] AndroidManifest.xml:65:13-101
169            android:enabled="true"
169-->[com.google.firebase:firebase-auth:21.0.1] AndroidManifest.xml:66:13-35
170            android:exported="false" >
170-->[com.google.firebase:firebase-auth:21.0.1] AndroidManifest.xml:67:13-37
171            <intent-filter>
171-->[com.google.firebase:firebase-auth:21.0.1] AndroidManifest.xml:68:13-72:29
172                <action android:name="com.google.firebase.auth.api.gms.service.START" />
172-->[com.google.firebase:firebase-auth:21.0.1] AndroidManifest.xml:69:17-89
172-->[com.google.firebase:firebase-auth:21.0.1] AndroidManifest.xml:69:25-86
173
174                <category android:name="android.intent.category.DEFAULT" />
174-->[com.google.firebase:firebase-auth:21.0.1] AndroidManifest.xml:36:17-76
174-->[com.google.firebase:firebase-auth:21.0.1] AndroidManifest.xml:36:27-73
175            </intent-filter>
176        </service>
177
178        <receiver
178-->[com.google.firebase:firebase-messaging:22.0.0] AndroidManifest.xml:28:9-35:20
179            android:name="com.google.firebase.iid.FirebaseInstanceIdReceiver"
179-->[com.google.firebase:firebase-messaging:22.0.0] AndroidManifest.xml:29:13-78
180            android:exported="true"
180-->[com.google.firebase:firebase-messaging:22.0.0] AndroidManifest.xml:30:13-36
181            android:permission="com.google.android.c2dm.permission.SEND" >
181-->[com.google.firebase:firebase-messaging:22.0.0] AndroidManifest.xml:31:13-73
182            <intent-filter>
182-->[:firebase_messaging] AndroidManifest.xml:28:13-30:29
183                <action android:name="com.google.android.c2dm.intent.RECEIVE" />
183-->[:firebase_messaging] AndroidManifest.xml:29:17-81
183-->[:firebase_messaging] AndroidManifest.xml:29:25-78
184            </intent-filter>
185        </receiver>
186        <!--
187             FirebaseMessagingService performs security checks at runtime,
188             but set to not exported to explicitly avoid allowing another app to call it.
189        -->
190        <service
190-->[com.google.firebase:firebase-messaging:22.0.0] AndroidManifest.xml:41:9-48:19
191            android:name="com.google.firebase.messaging.FirebaseMessagingService"
191-->[com.google.firebase:firebase-messaging:22.0.0] AndroidManifest.xml:42:13-82
192            android:directBootAware="true"
192-->[com.google.firebase:firebase-messaging:22.0.0] AndroidManifest.xml:43:13-43
193            android:exported="false" >
193-->[com.google.firebase:firebase-messaging:22.0.0] AndroidManifest.xml:44:13-37
194            <intent-filter android:priority="-500" >
194-->[:firebase_messaging] AndroidManifest.xml:19:13-21:29
195                <action android:name="com.google.firebase.MESSAGING_EVENT" />
195-->[:firebase_messaging] AndroidManifest.xml:20:17-78
195-->[:firebase_messaging] AndroidManifest.xml:20:25-75
196            </intent-filter>
197        </service>
198
199        <provider
199-->[com.google.firebase:firebase-common:20.0.0] AndroidManifest.xml:26:9-31:39
200            android:name="com.google.firebase.provider.FirebaseInitProvider"
200-->[com.google.firebase:firebase-common:20.0.0] AndroidManifest.xml:27:13-77
201            android:authorities="com.goaltask.app.firebaseinitprovider"
201-->[com.google.firebase:firebase-common:20.0.0] AndroidManifest.xml:28:13-72
202            android:directBootAware="true"
202-->[com.google.firebase:firebase-common:20.0.0] AndroidManifest.xml:29:13-43
203            android:exported="false"
203-->[com.google.firebase:firebase-common:20.0.0] AndroidManifest.xml:30:13-37
204            android:initOrder="100" />
204-->[com.google.firebase:firebase-common:20.0.0] AndroidManifest.xml:31:13-36
205
206        <receiver
206-->[com.google.android.gms:play-services-measurement:19.0.0] AndroidManifest.xml:29:9-33:20
207            android:name="com.google.android.gms.measurement.AppMeasurementReceiver"
207-->[com.google.android.gms:play-services-measurement:19.0.0] AndroidManifest.xml:30:13-85
208            android:enabled="true"
208-->[com.google.android.gms:play-services-measurement:19.0.0] AndroidManifest.xml:31:13-35
209            android:exported="false" >
209-->[com.google.android.gms:play-services-measurement:19.0.0] AndroidManifest.xml:32:13-37
210        </receiver>
211
212        <service
212-->[com.google.android.gms:play-services-measurement:19.0.0] AndroidManifest.xml:35:9-38:40
213            android:name="com.google.android.gms.measurement.AppMeasurementService"
213-->[com.google.android.gms:play-services-measurement:19.0.0] AndroidManifest.xml:36:13-84
214            android:enabled="true"
214-->[com.google.android.gms:play-services-measurement:19.0.0] AndroidManifest.xml:37:13-35
215            android:exported="false" />
215-->[com.google.android.gms:play-services-measurement:19.0.0] AndroidManifest.xml:38:13-37
216        <service
216-->[com.google.android.gms:play-services-measurement:19.0.0] AndroidManifest.xml:39:9-43:72
217            android:name="com.google.android.gms.measurement.AppMeasurementJobService"
217-->[com.google.android.gms:play-services-measurement:19.0.0] AndroidManifest.xml:40:13-87
218            android:enabled="true"
218-->[com.google.android.gms:play-services-measurement:19.0.0] AndroidManifest.xml:41:13-35
219            android:exported="false"
219-->[com.google.android.gms:play-services-measurement:19.0.0] AndroidManifest.xml:42:13-37
220            android:permission="android.permission.BIND_JOB_SERVICE" />
220-->[com.google.android.gms:play-services-measurement:19.0.0] AndroidManifest.xml:43:13-69
221
222        <activity
222-->[com.google.android.gms:play-services-base:17.1.0] AndroidManifest.xml:23:9-26:75
223            android:name="com.google.android.gms.common.api.GoogleApiActivity"
223-->[com.google.android.gms:play-services-base:17.1.0] AndroidManifest.xml:24:13-79
224            android:exported="false"
224-->[com.google.android.gms:play-services-base:17.1.0] AndroidManifest.xml:25:13-37
225            android:theme="@android:style/Theme.Translucent.NoTitleBar" />
225-->[com.google.android.gms:play-services-base:17.1.0] AndroidManifest.xml:26:13-72
226
227        <meta-data
227-->[com.google.android.gms:play-services-basement:17.1.0] AndroidManifest.xml:23:9-25:69
228            android:name="com.google.android.gms.version"
228-->[com.google.android.gms:play-services-basement:17.1.0] AndroidManifest.xml:24:13-58
229            android:value="@integer/google_play_services_version" />
229-->[com.google.android.gms:play-services-basement:17.1.0] AndroidManifest.xml:25:13-66
230
231        <service
231-->[com.google.android.datatransport:transport-backend-cct:3.0.0] AndroidManifest.xml:29:9-35:19
232            android:name="com.google.android.datatransport.runtime.backends.TransportBackendDiscovery"
232-->[com.google.android.datatransport:transport-backend-cct:3.0.0] AndroidManifest.xml:30:13-103
233            android:exported="false" >
233-->[com.google.android.datatransport:transport-backend-cct:3.0.0] AndroidManifest.xml:31:13-37
234            <meta-data
234-->[com.google.android.datatransport:transport-backend-cct:3.0.0] AndroidManifest.xml:32:13-34:39
235                android:name="backend:com.google.android.datatransport.cct.CctBackendFactory"
235-->[com.google.android.datatransport:transport-backend-cct:3.0.0] AndroidManifest.xml:33:17-94
236                android:value="cct" />
236-->[com.google.android.datatransport:transport-backend-cct:3.0.0] AndroidManifest.xml:34:17-36
237        </service>
238        <service
238-->[com.google.android.datatransport:transport-runtime:3.0.0] AndroidManifest.xml:26:9-30:19
239            android:name="com.google.android.datatransport.runtime.scheduling.jobscheduling.JobInfoSchedulerService"
239-->[com.google.android.datatransport:transport-runtime:3.0.0] AndroidManifest.xml:27:13-117
240            android:exported="false"
240-->[com.google.android.datatransport:transport-runtime:3.0.0] AndroidManifest.xml:28:13-37
241            android:permission="android.permission.BIND_JOB_SERVICE" >
241-->[com.google.android.datatransport:transport-runtime:3.0.0] AndroidManifest.xml:29:13-69
242        </service>
243
244        <receiver
244-->[com.google.android.datatransport:transport-runtime:3.0.0] AndroidManifest.xml:32:9-34:40
245            android:name="com.google.android.datatransport.runtime.scheduling.jobscheduling.AlarmManagerSchedulerBroadcastReceiver"
245-->[com.google.android.datatransport:transport-runtime:3.0.0] AndroidManifest.xml:33:13-132
246            android:exported="false" />
246-->[com.google.android.datatransport:transport-runtime:3.0.0] AndroidManifest.xml:34:13-37
247    </application>
248
249</manifest>